<?xml version="1.0" encoding="UTF-8"?>
<!-- Generated by org.testng.reporters.JUnitReportReporter -->
<testsuite hostname="DESKTOP-DJ4FDME" failures="0" tests="6" name="demoTestNG.copy.TestScenario7" time="0.010" errors="0" timestamp="2024-08-21T05:54:41 IST" skipped="0">
  <testcase classname="demoTestNG.copy.TestScenario7" name="forth_testcase" time="0.002"/>
  <testcase classname="demoTestNG.copy.TestScenario7" name="third_testcase" time="0.001"/>
  <testcase classname="demoTestNG.copy.TestScenario7" name="first_testcase" time="0.001"/>
  <testcase classname="demoTestNG.copy.TestScenario7" name="fifth_testcase" time="0.001"/>
  <testcase classname="demoTestNG.copy.TestScenario7" name="sixth_testcase" time="0.002"/>
  <testcase classname="demoTestNG.copy.TestScenario7" name="second_testcase" time="0.003"/>
</testsuite> <!-- demoTestNG.copy.TestScenario7 -->
