<?xml version="1.0" encoding="UTF-8"?>
<!-- Generated by org.testng.reporters.JUnitReportReporter -->
<testsuite hostname="DESKTOP-DJ4FDME" failures="0" tests="1" name="org.wipro.automation.testcases.LoginScenario" time="4.364" errors="0" timestamp="2024-09-06T06:10:55 IST" skipped="0">
  <testcase classname="org.wipro.automation.testcases.LoginScenario" name="tc01_loginfunctionality_validcredential" time="4.364"/>
</testsuite> <!-- org.wipro.automation.testcases.LoginScenario -->
