<?xml version="1.0" encoding="UTF-8"?>
<!-- Generated by org.testng.reporters.JUnitReportReporter -->
<testsuite hostname="DESKTOP-DJ4FDME" failures="0" tests="1" name="org.wipro.automation.basepkg.InititiateBrowser" time="4.489" errors="0" timestamp="2024-09-04T06:22:11 IST" skipped="0">
  <testcase classname="org.wipro.automation.basepkg.InititiateBrowser" name="launchbroweser" time="4.489"/>
</testsuite> <!-- org.wipro.automation.basepkg.InititiateBrowser -->
