<?xml version="1.0" encoding="UTF-8"?>
<!-- Generated by org.testng.reporters.JUnitReportReporter -->
<testsuite hostname="DESKTOP-DJ4FDME" failures="0" tests="6" name="demoTestNG.TestScenario" time="0.045" errors="0" timestamp="2024-08-22T08:07:01 IST" skipped="0">
  <testcase classname="demoTestNG.TestScenario" name="fifth_testcase" time="0.026"/>
  <testcase classname="demoTestNG.TestScenario" name="sixth_testcase" time="0.006"/>
  <testcase classname="demoTestNG.TestScenario" name="third_testcase" time="0.002"/>
  <testcase classname="demoTestNG.TestScenario" name="forth_testcase" time="0.005"/>
  <testcase classname="demoTestNG.TestScenario" name="first_testcase" time="0.003"/>
  <testcase classname="demoTestNG.TestScenario" name="second_testcase" time="0.003"/>
</testsuite> <!-- demoTestNG.TestScenario -->
