<?xml version="1.0" encoding="UTF-8"?>
<!-- Generated by org.testng.reporters.JUnitReportReporter -->
<testsuite hostname="DESKTOP-DJ4FDME" failures="0" tests="4" name="org.xyz.automation.fb.HandleKeyMouse" time="80.565" errors="0" timestamp="2024-08-31T06:25:11 IST" skipped="2">
  <testcase classname="org.xyz.automation.fb.HandleKeyMouse" name="handleframes" time="47.910"/>
  <testcase classname="org.xyz.automation.fb.HandleKeyMouse" name="handleAlerts" time="32.655"/>
  <testcase classname="org.xyz.automation.fb.HandleKeyMouse" name="handleMouse">
    <skipped/>
  </testcase> <!-- handleMouse -->
  <testcase classname="org.xyz.automation.fb.HandleKeyMouse" name="handleKeyboard">
    <skipped/>
  </testcase> <!-- handleKeyboard -->
</testsuite> <!-- org.xyz.automation.fb.HandleKeyMouse -->
