<?xml version="1.0" encoding="UTF-8"?>
<!-- Generated by org.testng.reporters.JUnitReportReporter -->
<testsuite hostname="DESKTOP-DJ4FDME" failures="0" tests="1" name="org.wipro.automation.testcases.SignupScenario" time="9.730" errors="0" timestamp="2024-09-06T06:32:48 IST" skipped="0">
  <testcase classname="org.wipro.automation.testcases.SignupScenario" name="tc010_signupfunctionality_validdata" time="9.730"/>
</testsuite> <!-- org.wipro.automation.testcases.SignupScenario -->
