<?xml version="1.0" encoding="UTF-8"?>
<!-- Generated by org.testng.reporters.JUnitReportReporter -->
<testsuite hostname="DESKTOP-DJ4FDME" failures="0" tests="1" name="org.xyz.automation.fb.BrowserControl" time="16.022" errors="0" timestamp="2024-08-31T06:25:11 IST" skipped="0">
  <testcase classname="org.xyz.automation.fb.BrowserControl" name="launchBrowser" time="16.022"/>
</testsuite> <!-- org.xyz.automation.fb.BrowserControl -->
