<?xml version="1.0" encoding="UTF-8"?>
<!-- Generated by org.testng.reporters.JUnitReportReporter -->
<testsuite hostname="DESKTOP-DJ4FDME" failures="0" tests="2" name="org.xyz.automation.fb.FirstAutomation" time="7.113" errors="0" timestamp="2024-08-28T06:06:17 IST" skipped="0">
  <testcase classname="org.xyz.automation.fb.FirstAutomation" name="loginfunctionality" time="2.781"/>
  <testcase classname="org.xyz.automation.fb.FirstAutomation" name="signupfunctionality" time="4.332"/>
</testsuite> <!-- org.xyz.automation.fb.FirstAutomation -->
