<?xml version="1.0" encoding="UTF-8"?>
<!-- Generated by org.testng.reporters.JUnitReportReporter -->
<testsuite hostname="DESKTOP-DJ4FDME" failures="0" tests="6" name="demoTestNG.copy.TestScenario10" time="0.013" errors="0" timestamp="2024-08-21T05:54:41 IST" skipped="0">
  <testcase classname="demoTestNG.copy.TestScenario10" name="third_testcase" time="0.002"/>
  <testcase classname="demoTestNG.copy.TestScenario10" name="second_testcase" time="0.001"/>
  <testcase classname="demoTestNG.copy.TestScenario10" name="sixth_testcase" time="0.005"/>
  <testcase classname="demoTestNG.copy.TestScenario10" name="fifth_testcase" time="0.001"/>
  <testcase classname="demoTestNG.copy.TestScenario10" name="forth_testcase" time="0.002"/>
  <testcase classname="demoTestNG.copy.TestScenario10" name="first_testcase" time="0.002"/>
</testsuite> <!-- demoTestNG.copy.TestScenario10 -->
